[LOG] System::create                           : Header version = 1.10.12. Current version = 1.10.12.
[LOG] Manager::init                            : maxchannels = 256 studioflags = 00000006 flags 00000000 extradriverdata 0000000000000000.
[LOG] SystemI::init                            : Initialize version=11012 (101101), maxchannels=256, flags=0x00020000
[LOG] SystemI::setOutputInternal               : Setting output to 'FMOD WASAPI Output'
[LOG] OutputWASAPI::init                       : Mix Format (WAVEFORMATEX): wFormatTag=0xFFFE, nChannels=2, nSamplesPerSec=48000, nAvgBytesPerSec=384000, nBlockAlign=8, wBitsPerSample=32, cbSize=22.
[LOG] OutputWASAPI::init                       : Mix Format (WAVEFORMATEXTENSIBLE): wValidBitsPerSample=32, dwChannelMask=0x00000003, SubFormat=00000003-0000-0010-8000-00AA00389B71.
[LOG] OutputWASAPI::init                       : Output buffer size: 4096 samples, latency: 0.00ms, period: 10.00ms, DSP buffer: 1024 * 4
[LOG] Thread::initThread                       : Init FMOD stream thread. Priority: 2, Stack Size: 65536, Semaphore: No, Sleep Time: 10, Looping: Yes.
[LOG] Thread::initThread                       : Init FMOD mixer thread. Priority: 3, Stack Size: 49152, Semaphore: No, Sleep Time: 0, Looping: Yes.
[LOG] AsyncManager::init                       : manager 0000000047A2B0B8 isAsync 0 updatePeriod 0.02
[LOG] AsyncManager::init                       : done
[LOG] PlaybackSystem::init                     : 
[LOG] Thread::initThread                       : Init FMOD Studio sample load thread. Priority: 0, Stack Size: 65536, Semaphore: No, Sleep Time: 1, Looping: No.
[LOG] PlaybackSystem::init                     : done
[LOG] Thread::initThread                       : Init FMOD Studio bank load thread. Priority: 0, Stack Size: 65536, Semaphore: No, Sleep Time: 1, Looping: No.
[LOG] Manager::init                            : done.
[LOG] Manager::readBank                        : fileversion = 100, compatVersion = 99 (oldest = 44, newest = 103)
[LOG] SystemI::createSoundInternal             : Create name='', mode=0x02000202
[LOG] SystemI::createSoundInternal             : exinfo->cbsize             = 232
[LOG] SystemI::createSoundInternal             : exinfo->length             = 13374304
[LOG] SystemI::createSoundInternal             : exinfo->fileoffset         = 85824
[LOG] SystemI::createSoundInternal             : exinfo->numsubsounds       = 1
[LOG] SystemI::createSoundInternal             : exinfo->inclusionlist      = 000000007DC9F5FC
[LOG] SystemI::createSoundInternal             : exinfo->inclusionlistnum   = 1
[LOG] SystemI::createSoundInternal             : exinfo->suggestedsoundtype = 5
[LOG] SystemI::createSoundInternal             : exinfo->useropen           = 00007FFD3E910D70
[LOG] SystemI::createSoundInternal             : exinfo->userclose          = 00007FFD3E910D40
[LOG] SystemI::createSoundInternal             : exinfo->userread           = 00007FFD3E910E40
[LOG] SystemI::createSoundInternal             : exinfo->userseek           = 00007FFD3E910F00
[LOG] SystemI::createSoundInternal             : exinfo->fileuserdata       = 000000007C5A0F28
[LOG] SystemI::createSoundInternal             : exinfo->initialseekpostype = 1
[LOG] SystemI::DSPCodecPoolRegister            : register codec pool for pool type 5
[LOG] SystemI::createSoundInternal             : Sample 0/1: name='postit', format=2, channels=1, frequency=48000, lengthbytes=12992, lengthpcm=72644, pcmblocksize=0, loopstart=0, loopend=0, mode=0x00000000, channelmask=0x00000000, channelorder=0, peakvolume=0.095231.
[WRN] EventInstance::update                    : Event {fe816873-d1ef-484e-9191-04046ad60ac8} waited 229 milliseconds for sample data to load.  Preload sample data to avoid this delay.
[LOG] SystemI::createSoundInternal             : Create name='', mode=0x02000202
[LOG] SystemI::createSoundInternal             : exinfo->cbsize             = 232
[LOG] SystemI::createSoundInternal             : exinfo->length             = 13374304
[LOG] SystemI::createSoundInternal             : exinfo->fileoffset         = 85824
[LOG] SystemI::createSoundInternal             : exinfo->numsubsounds       = 1
[LOG] SystemI::createSoundInternal             : exinfo->inclusionlist      = 000000007DC9F5FC
[LOG] SystemI::createSoundInternal             : exinfo->inclusionlistnum   = 1
[LOG] SystemI::createSoundInternal             : exinfo->suggestedsoundtype = 5
[LOG] SystemI::createSoundInternal             : exinfo->useropen           = 00007FFD3E910D70
[LOG] SystemI::createSoundInternal             : exinfo->userclose          = 00007FFD3E910D40
[LOG] SystemI::createSoundInternal             : exinfo->userread           = 00007FFD3E910E40
[LOG] SystemI::createSoundInternal             : exinfo->userseek           = 00007FFD3E910F00
[LOG] SystemI::createSoundInternal             : exinfo->fileuserdata       = 000000007C5A1978
[LOG] SystemI::createSoundInternal             : exinfo->initialseekpostype = 1
[LOG] SystemI::DSPCodecPoolRegister            : register codec pool for pool type 5
[LOG] SystemI::createSoundInternal             : Sample 0/1: name='bigbark-04', format=2, channels=2, frequency=48000, lengthbytes=11424, lengthpcm=45952, pcmblocksize=0, loopstart=0, loopend=0, mode=0x00000000, channelmask=0x00000000, channelorder=0, peakvolume=0.464020.
[LOG] SystemI::createSoundInternal             : Create name='', mode=0x02000202
[LOG] SystemI::createSoundInternal             : exinfo->cbsize             = 232
[LOG] SystemI::createSoundInternal             : exinfo->length             = 13374304
[LOG] SystemI::createSoundInternal             : exinfo->fileoffset         = 85824
[LOG] SystemI::createSoundInternal             : exinfo->numsubsounds       = 1
[LOG] SystemI::createSoundInternal             : exinfo->inclusionlist      = 000000007DC9F5FC
[LOG] SystemI::createSoundInternal             : exinfo->inclusionlistnum   = 1
[LOG] SystemI::createSoundInternal             : exinfo->suggestedsoundtype = 5
[LOG] SystemI::createSoundInternal             : exinfo->useropen           = 00007FFD3E910D70
[LOG] SystemI::createSoundInternal             : exinfo->userclose          = 00007FFD3E910D40
[LOG] SystemI::createSoundInternal             : exinfo->userread           = 00007FFD3E910E40
[LOG] SystemI::createSoundInternal             : exinfo->userseek           = 00007FFD3E910F00
[LOG] SystemI::createSoundInternal             : exinfo->fileuserdata       = 000000007C5A1978
[LOG] SystemI::createSoundInternal             : exinfo->initialseekpostype = 1
[LOG] SystemI::DSPCodecPoolRegister            : register codec pool for pool type 5
[LOG] SystemI::createSoundInternal             : Sample 0/1: name='type-03', format=2, channels=2, frequency=48000, lengthbytes=3456, lengthpcm=9873, pcmblocksize=0, loopstart=0, loopend=0, mode=0x00000000, channelmask=0x00000000, channelorder=0, peakvolume=0.878052.
[LOG] SystemI::createSoundInternal             : Create name='', mode=0x02000202
[LOG] SystemI::createSoundInternal             : exinfo->cbsize             = 232
[LOG] SystemI::createSoundInternal             : exinfo->length             = 13374304
[LOG] SystemI::createSoundInternal             : exinfo->fileoffset         = 85824
[LOG] SystemI::createSoundInternal             : exinfo->numsubsounds       = 1
[LOG] SystemI::createSoundInternal             : exinfo->inclusionlist      = 000000007DC9F5FC
[LOG] SystemI::createSoundInternal             : exinfo->inclusionlistnum   = 1
[LOG] SystemI::createSoundInternal             : exinfo->suggestedsoundtype = 5
[LOG] SystemI::createSoundInternal             : exinfo->useropen           = 00007FFD3E910D70
[LOG] SystemI::createSoundInternal             : exinfo->userclose          = 00007FFD3E910D40
[LOG] SystemI::createSoundInternal             : exinfo->userread           = 00007FFD3E910E40
[LOG] SystemI::createSoundInternal             : exinfo->userseek           = 00007FFD3E910F00
[LOG] SystemI::createSoundInternal             : exinfo->fileuserdata       = 000000007C5A1978
[LOG] SystemI::createSoundInternal             : exinfo->initialseekpostype = 1
[LOG] SystemI::DSPCodecPoolRegister            : register codec pool for pool type 5
[LOG] SystemI::createSoundInternal             : Sample 0/1: name='type-02', format=2, channels=2, frequency=48000, lengthbytes=2464, lengthpcm=6863, pcmblocksize=0, loopstart=0, loopend=0, mode=0x00000000, channelmask=0x00000000, channelorder=0, peakvolume=0.840271.
[LOG] SystemI::createSoundInternal             : Create name='', mode=0x02000202
[LOG] SystemI::createSoundInternal             : exinfo->cbsize             = 232
[LOG] SystemI::createSoundInternal             : exinfo->length             = 13374304
[LOG] SystemI::createSoundInternal             : exinfo->fileoffset         = 85824
[LOG] SystemI::createSoundInternal             : exinfo->numsubsounds       = 1
[LOG] SystemI::createSoundInternal             : exinfo->inclusionlist      = 000000007DC9F5FC
[LOG] SystemI::createSoundInternal             : exinfo->inclusionlistnum   = 1
[LOG] SystemI::createSoundInternal             : exinfo->suggestedsoundtype = 5
[LOG] SystemI::createSoundInternal             : exinfo->useropen           = 00007FFD3E910D70
[LOG] SystemI::createSoundInternal             : exinfo->userclose          = 00007FFD3E910D40
[LOG] SystemI::createSoundInternal             : exinfo->userread           = 00007FFD3E910E40
[LOG] SystemI::createSoundInternal             : exinfo->userseek           = 00007FFD3E910F00
[LOG] SystemI::createSoundInternal             : exinfo->fileuserdata       = 000000007C5A1978
[LOG] SystemI::createSoundInternal             : exinfo->initialseekpostype = 1
[LOG] SystemI::DSPCodecPoolRegister            : register codec pool for pool type 5
[LOG] SystemI::createSoundInternal             : Sample 0/1: name='ding', format=2, channels=1, frequency=48000, lengthbytes=7328, lengthpcm=50688, pcmblocksize=0, loopstart=0, loopend=0, mode=0x00000000, channelmask=0x00000000, channelorder=0, peakvolume=0.424575.
[LOG] SystemI::createSoundInternal             : Create name='', mode=0x02000202
[LOG] SystemI::createSoundInternal             : exinfo->cbsize             = 232
[LOG] SystemI::createSoundInternal             : exinfo->length             = 13374304
[LOG] SystemI::createSoundInternal             : exinfo->fileoffset         = 85824
[LOG] SystemI::createSoundInternal             : exinfo->numsubsounds       = 1
[LOG] SystemI::createSoundInternal             : exinfo->inclusionlist      = 000000007DC9F5FC
[LOG] SystemI::createSoundInternal             : exinfo->inclusionlistnum   = 1
[LOG] SystemI::createSoundInternal             : exinfo->suggestedsoundtype = 5
[LOG] SystemI::createSoundInternal             : exinfo->useropen           = 00007FFD3E910D70
[LOG] SystemI::createSoundInternal             : exinfo->userclose          = 00007FFD3E910D40
[LOG] SystemI::createSoundInternal             : exinfo->userread           = 00007FFD3E910E40
[LOG] SystemI::createSoundInternal             : exinfo->userseek           = 00007FFD3E910F00
[LOG] SystemI::createSoundInternal             : exinfo->fileuserdata       = 000000007C5A1978
[LOG] SystemI::createSoundInternal             : exinfo->initialseekpostype = 1
[LOG] SystemI::DSPCodecPoolRegister            : register codec pool for pool type 5
[LOG] SystemI::createSoundInternal             : Sample 0/1: name='type-01', format=2, channels=2, frequency=48000, lengthbytes=3040, lengthpcm=8091, pcmblocksize=0, loopstart=0, loopend=0, mode=0x00000000, channelmask=0x00000000, channelorder=0, peakvolume=0.950043.
[LOG] SystemI::createSoundInternal             : Create name='', mode=0x02000202
[LOG] SystemI::createSoundInternal             : exinfo->cbsize             = 232
[LOG] SystemI::createSoundInternal             : exinfo->length             = 13374304
[LOG] SystemI::createSoundInternal             : exinfo->fileoffset         = 85824
[LOG] SystemI::createSoundInternal             : exinfo->numsubsounds       = 1
[LOG] SystemI::createSoundInternal             : exinfo->inclusionlist      = 000000007DC9F5FC
[LOG] SystemI::createSoundInternal             : exinfo->inclusionlistnum   = 1
[LOG] SystemI::createSoundInternal             : exinfo->suggestedsoundtype = 5
[LOG] SystemI::createSoundInternal             : exinfo->useropen           = 00007FFD3E910D70
[LOG] SystemI::createSoundInternal             : exinfo->userclose          = 00007FFD3E910D40
[LOG] SystemI::createSoundInternal             : exinfo->userread           = 00007FFD3E910E40
[LOG] SystemI::createSoundInternal             : exinfo->userseek           = 00007FFD3E910F00
[LOG] SystemI::createSoundInternal             : exinfo->fileuserdata       = 000000007C5A1978
[LOG] SystemI::createSoundInternal             : exinfo->initialseekpostype = 1
[LOG] SystemI::DSPCodecPoolRegister            : register codec pool for pool type 5
[LOG] SystemI::createSoundInternal             : Sample 0/1: name='bigbark-06', format=2, channels=2, frequency=48000, lengthbytes=11680, lengthpcm=47177, pcmblocksize=0, loopstart=0, loopend=0, mode=0x00000000, channelmask=0x00000000, channelorder=0, peakvolume=0.451050.
[LOG] SystemI::createSoundInternal             : Create name='', mode=0x02000202
[LOG] SystemI::createSoundInternal             : exinfo->cbsize             = 232
[LOG] SystemI::createSoundInternal             : exinfo->length             = 13374304
[LOG] SystemI::createSoundInternal             : exinfo->fileoffset         = 85824
[LOG] SystemI::createSoundInternal             : exinfo->numsubsounds       = 1
[LOG] SystemI::createSoundInternal             : exinfo->inclusionlist      = 000000007DC9F5FC
[LOG] SystemI::createSoundInternal             : exinfo->inclusionlistnum   = 1
[LOG] SystemI::createSoundInternal             : exinfo->suggestedsoundtype = 5
[LOG] SystemI::createSoundInternal             : exinfo->useropen           = 00007FFD3E910D70
[LOG] SystemI::createSoundInternal             : exinfo->userclose          = 00007FFD3E910D40
[LOG] SystemI::createSoundInternal             : exinfo->userread           = 00007FFD3E910E40
[LOG] SystemI::createSoundInternal             : exinfo->userseek           = 00007FFD3E910F00
[LOG] SystemI::createSoundInternal             : exinfo->fileuserdata       = 000000007C5A1978
[LOG] SystemI::createSoundInternal             : exinfo->initialseekpostype = 1
[LOG] SystemI::DSPCodecPoolRegister            : register codec pool for pool type 5
[LOG] SystemI::createSoundInternal             : Sample 0/1: name='typeSpace', format=2, channels=2, frequency=48000, lengthbytes=3456, lengthpcm=13024, pcmblocksize=0, loopstart=0, loopend=0, mode=0x00000000, channelmask=0x00000000, channelorder=0, peakvolume=0.404694.
[LOG] SystemI::createSoundInternal             : Create name='', mode=0x02000202
[LOG] SystemI::createSoundInternal             : exinfo->cbsize             = 232
[LOG] SystemI::createSoundInternal             : exinfo->length             = 13374304
[LOG] SystemI::createSoundInternal             : exinfo->fileoffset         = 85824
[LOG] SystemI::createSoundInternal             : exinfo->numsubsounds       = 1
[LOG] SystemI::createSoundInternal             : exinfo->inclusionlist      = 000000007DC9F5FC
[LOG] SystemI::createSoundInternal             : exinfo->inclusionlistnum   = 1
[LOG] SystemI::createSoundInternal             : exinfo->suggestedsoundtype = 5
[LOG] SystemI::createSoundInternal             : exinfo->useropen           = 00007FFD3E910D70
[LOG] SystemI::createSoundInternal             : exinfo->userclose          = 00007FFD3E910D40
[LOG] SystemI::createSoundInternal             : exinfo->userread           = 00007FFD3E910E40
[LOG] SystemI::createSoundInternal             : exinfo->userseek           = 00007FFD3E910F00
[LOG] SystemI::createSoundInternal             : exinfo->fileuserdata       = 000000007C5A1978
[LOG] SystemI::createSoundInternal             : exinfo->initialseekpostype = 1
[LOG] SystemI::DSPCodecPoolRegister            : register codec pool for pool type 5
[LOG] SystemI::createSoundInternal             : Sample 0/1: name='bigbark-03', format=2, channels=2, frequency=48000, lengthbytes=14720, lengthpcm=60656, pcmblocksize=0, loopstart=0, loopend=0, mode=0x00000000, channelmask=0x00000000, channelorder=0, peakvolume=0.464966.
[LOG] SystemI::createSoundInternal             : Create name='', mode=0x02000202
[LOG] SystemI::createSoundInternal             : exinfo->cbsize             = 232
[LOG] SystemI::createSoundInternal             : exinfo->length             = 13374304
[LOG] SystemI::createSoundInternal             : exinfo->fileoffset         = 85824
[LOG] SystemI::createSoundInternal             : exinfo->numsubsounds       = 1
[LOG] SystemI::createSoundInternal             : exinfo->inclusionlist      = 000000007DC9F5FC
[LOG] SystemI::createSoundInternal             : exinfo->inclusionlistnum   = 1
[LOG] SystemI::createSoundInternal             : exinfo->suggestedsoundtype = 5
[LOG] SystemI::createSoundInternal             : exinfo->useropen           = 00007FFD3E910D70
[LOG] SystemI::createSoundInternal             : exinfo->userclose          = 00007FFD3E910D40
[LOG] SystemI::createSoundInternal             : exinfo->userread           = 00007FFD3E910E40
[LOG] SystemI::createSoundInternal             : exinfo->userseek           = 00007FFD3E910F00
[LOG] SystemI::createSoundInternal             : exinfo->fileuserdata       = 000000007C5A1978
[LOG] SystemI::createSoundInternal             : exinfo->initialseekpostype = 1
[LOG] SystemI::DSPCodecPoolRegister            : register codec pool for pool type 5
[LOG] SystemI::createSoundInternal             : Sample 0/1: name='bigbark-02', format=2, channels=1, frequency=48000, lengthbytes=7648, lengthpcm=45554, pcmblocksize=0, loopstart=0, loopend=0, mode=0x00000000, channelmask=0x00000000, channelorder=0, peakvolume=0.350220.
[LOG] SystemI::createSoundInternal             : Create name='', mode=0x02000202
[LOG] SystemI::createSoundInternal             : exinfo->cbsize             = 232
[LOG] SystemI::createSoundInternal             : exinfo->length             = 13374304
[LOG] SystemI::createSoundInternal             : exinfo->fileoffset         = 85824
[LOG] SystemI::createSoundInternal             : exinfo->numsubsounds       = 1
[LOG] SystemI::createSoundInternal             : exinfo->inclusionlist      = 000000007DC9F5FC
[LOG] SystemI::createSoundInternal             : exinfo->inclusionlistnum   = 1
[LOG] SystemI::createSoundInternal             : exinfo->suggestedsoundtype = 5
[LOG] SystemI::createSoundInternal             : exinfo->useropen           = 00007FFD3E910D70
[LOG] SystemI::createSoundInternal             : exinfo->userclose          = 00007FFD3E910D40
[LOG] SystemI::createSoundInternal             : exinfo->userread           = 00007FFD3E910E40
[LOG] SystemI::createSoundInternal             : exinfo->userseek           = 00007FFD3E910F00
[LOG] SystemI::createSoundInternal             : exinfo->fileuserdata       = 000000007C5A1978
[LOG] SystemI::createSoundInternal             : exinfo->initialseekpostype = 1
[LOG] SystemI::DSPCodecPoolRegister            : register codec pool for pool type 5
[LOG] SystemI::createSoundInternal             : Sample 0/1: name='bigbark-01', format=2, channels=1, frequency=48000, lengthbytes=8320, lengthpcm=49146, pcmblocksize=0, loopstart=0, loopend=0, mode=0x00000000, channelmask=0x00000000, channelorder=0, peakvolume=0.370758.
[WRN] EventInstance::update                    : Event {95e5879a-a131-406d-8d2d-1463fced0c36} waited 200 milliseconds for sample data to load.  Preload sample data to avoid this delay.
[LOG] Manager::readBank                        : fileversion = 100, compatVersion = 99 (oldest = 44, newest = 103)
[LOG] SystemI::createSoundInternal             : Create name='', mode=0x02000202
[LOG] SystemI::createSoundInternal             : exinfo->cbsize             = 232
[LOG] SystemI::createSoundInternal             : exinfo->length             = 13374304
[LOG] SystemI::createSoundInternal             : exinfo->fileoffset         = 85824
[LOG] SystemI::createSoundInternal             : exinfo->numsubsounds       = 1
[LOG] SystemI::createSoundInternal             : exinfo->inclusionlist      = 000000007DC9F5FC
[LOG] SystemI::createSoundInternal             : exinfo->inclusionlistnum   = 1
[LOG] SystemI::createSoundInternal             : exinfo->suggestedsoundtype = 5
[LOG] SystemI::createSoundInternal             : exinfo->useropen           = 00007FFD3E910D70
[LOG] SystemI::createSoundInternal             : exinfo->userclose          = 00007FFD3E910D40
[LOG] SystemI::createSoundInternal             : exinfo->userread           = 00007FFD3E910E40
[LOG] SystemI::createSoundInternal             : exinfo->userseek           = 00007FFD3E910F00
[LOG] SystemI::createSoundInternal             : exinfo->fileuserdata       = 000000007B1A1548
[LOG] SystemI::createSoundInternal             : exinfo->initialseekpostype = 1
[LOG] SystemI::DSPCodecPoolRegister            : register codec pool for pool type 5
[LOG] SystemI::createSoundInternal             : Sample 0/1: name='bark-16', format=2, channels=1, frequency=48000, lengthbytes=2464, lengthpcm=13438, pcmblocksize=0, loopstart=0, loopend=0, mode=0x00000000, channelmask=0x00000000, channelorder=0, peakvolume=0.924927.
[LOG] SystemI::createSoundInternal             : Create name='', mode=0x02000202
[LOG] SystemI::createSoundInternal             : exinfo->cbsize             = 232
[LOG] SystemI::createSoundInternal             : exinfo->length             = 13374304
[LOG] SystemI::createSoundInternal             : exinfo->fileoffset         = 85824
[LOG] SystemI::createSoundInternal             : exinfo->numsubsounds       = 1
[LOG] SystemI::createSoundInternal             : exinfo->inclusionlist      = 000000007DC9F5FC
[LOG] SystemI::createSoundInternal             : exinfo->inclusionlistnum   = 1
[LOG] SystemI::createSoundInternal             : exinfo->suggestedsoundtype = 5
[LOG] SystemI::createSoundInternal             : exinfo->useropen           = 00007FFD3E910D70
[LOG] SystemI::createSoundInternal             : exinfo->userclose          = 00007FFD3E910D40
[LOG] SystemI::createSoundInternal             : exinfo->userread           = 00007FFD3E910E40
[LOG] SystemI::createSoundInternal             : exinfo->userseek           = 00007FFD3E910F00
[LOG] SystemI::createSoundInternal             : exinfo->fileuserdata       = 000000007B1A1548
[LOG] SystemI::createSoundInternal             : exinfo->initialseekpostype = 1
[LOG] SystemI::DSPCodecPoolRegister            : register codec pool for pool type 5
[LOG] SystemI::createSoundInternal             : Sample 0/1: name='bark-11', format=2, channels=1, frequency=48000, lengthbytes=18336, lengthpcm=112866, pcmblocksize=0, loopstart=0, loopend=0, mode=0x00000000, channelmask=0x00000000, channelorder=0, peakvolume=0.658295.
[LOG] SystemI::createSoundInternal             : Create name='', mode=0x02000202
[LOG] SystemI::createSoundInternal             : exinfo->cbsize             = 232
[LOG] SystemI::createSoundInternal             : exinfo->length             = 13374304
[LOG] SystemI::createSoundInternal             : exinfo->fileoffset         = 85824
[LOG] SystemI::createSoundInternal             : exinfo->numsubsounds       = 1
[LOG] SystemI::createSoundInternal             : exinfo->inclusionlist      = 000000007DC9F5FC
[LOG] SystemI::createSoundInternal             : exinfo->inclusionlistnum   = 1
[LOG] SystemI::createSoundInternal             : exinfo->suggestedsoundtype = 5
[LOG] SystemI::createSoundInternal             : exinfo->useropen           = 00007FFD3E910D70
[LOG] SystemI::createSoundInternal             : exinfo->userclose          = 00007FFD3E910D40
[LOG] SystemI::createSoundInternal             : exinfo->userread           = 00007FFD3E910E40
[LOG] SystemI::createSoundInternal             : exinfo->userseek           = 00007FFD3E910F00
[LOG] SystemI::createSoundInternal             : exinfo->fileuserdata       = 000000007B1A1548
[LOG] SystemI::createSoundInternal             : exinfo->initialseekpostype = 1
[LOG] SystemI::DSPCodecPoolRegister            : register codec pool for pool type 5
[LOG] SystemI::createSoundInternal             : Sample 0/1: name='bark-10', format=2, channels=1, frequency=48000, lengthbytes=18688, lengthpcm=109774, pcmblocksize=0, loopstart=0, loopend=0, mode=0x00000000, channelmask=0x00000000, channelorder=0, peakvolume=0.695282.
[LOG] SystemI::createSoundInternal             : Create name='', mode=0x02000202
[LOG] SystemI::createSoundInternal             : exinfo->cbsize             = 232
[LOG] SystemI::createSoundInternal             : exinfo->length             = 13374304
[LOG] SystemI::createSoundInternal             : exinfo->fileoffset         = 85824
[LOG] SystemI::createSoundInternal             : exinfo->numsubsounds       = 1
[LOG] SystemI::createSoundInternal             : exinfo->inclusionlist      = 000000007DC9F5FC
[LOG] SystemI::createSoundInternal             : exinfo->inclusionlistnum   = 1
[LOG] SystemI::createSoundInternal             : exinfo->suggestedsoundtype = 5
[LOG] SystemI::createSoundInternal             : exinfo->useropen           = 00007FFD3E910D70
[LOG] SystemI::createSoundInternal             : exinfo->userclose          = 00007FFD3E910D40
[LOG] SystemI::createSoundInternal             : exinfo->userread           = 00007FFD3E910E40
[LOG] SystemI::createSoundInternal             : exinfo->userseek           = 00007FFD3E910F00
[LOG] SystemI::createSoundInternal             : exinfo->fileuserdata       = 000000007B1A1548
[LOG] SystemI::createSoundInternal             : exinfo->initialseekpostype = 1
[LOG] SystemI::DSPCodecPoolRegister            : register codec pool for pool type 5
[LOG] SystemI::createSoundInternal             : Sample 0/1: name='bark-15', format=2, channels=1, frequency=48000, lengthbytes=2432, lengthpcm=13438, pcmblocksize=0, loopstart=0, loopend=0, mode=0x00000000, channelmask=0x00000000, channelorder=0, peakvolume=0.924866.
[LOG] SystemI::createSoundInternal             : Create name='', mode=0x02000202
[LOG] SystemI::createSoundInternal             : exinfo->cbsize             = 232
[LOG] SystemI::createSoundInternal             : exinfo->length             = 13374304
[LOG] SystemI::createSoundInternal             : exinfo->fileoffset         = 85824
[LOG] SystemI::createSoundInternal             : exinfo->numsubsounds       = 1
[LOG] SystemI::createSoundInternal             : exinfo->inclusionlist      = 000000007DC9F5FC
[LOG] SystemI::createSoundInternal             : exinfo->inclusionlistnum   = 1
[LOG] SystemI::createSoundInternal             : exinfo->suggestedsoundtype = 5
[LOG] SystemI::createSoundInternal             : exinfo->useropen           = 00007FFD3E910D70
[LOG] SystemI::createSoundInternal             : exinfo->userclose          = 00007FFD3E910D40
[LOG] SystemI::createSoundInternal             : exinfo->userread           = 00007FFD3E910E40
[LOG] SystemI::createSoundInternal             : exinfo->userseek           = 00007FFD3E910F00
[LOG] SystemI::createSoundInternal             : exinfo->fileuserdata       = 000000007B1A1548
[LOG] SystemI::createSoundInternal             : exinfo->initialseekpostype = 1
[LOG] SystemI::DSPCodecPoolRegister            : register codec pool for pool type 5
[LOG] SystemI::createSoundInternal             : Sample 0/1: name='bark-03', format=2, channels=1, frequency=48000, lengthbytes=14496, lengthpcm=91221, pcmblocksize=0, loopstart=0, loopend=0, mode=0x00000000, channelmask=0x00000000, channelorder=0, peakvolume=0.749878.
[LOG] SystemI::createSoundInternal             : Create name='', mode=0x02000202
[LOG] SystemI::createSoundInternal             : exinfo->cbsize             = 232
[LOG] SystemI::createSoundInternal             : exinfo->length             = 13374304
[LOG] SystemI::createSoundInternal             : exinfo->fileoffset         = 85824
[LOG] SystemI::createSoundInternal             : exinfo->numsubsounds       = 1
[LOG] SystemI::createSoundInternal             : exinfo->inclusionlist      = 000000007DC9F5FC
[LOG] SystemI::createSoundInternal             : exinfo->inclusionlistnum   = 1
[LOG] SystemI::createSoundInternal             : exinfo->suggestedsoundtype = 5
[LOG] SystemI::createSoundInternal             : exinfo->useropen           = 00007FFD3E910D70
[LOG] SystemI::createSoundInternal             : exinfo->userclose          = 00007FFD3E910D40
[LOG] SystemI::createSoundInternal             : exinfo->userread           = 00007FFD3E910E40
[LOG] SystemI::createSoundInternal             : exinfo->userseek           = 00007FFD3E910F00
[LOG] SystemI::createSoundInternal             : exinfo->fileuserdata       = 000000007B1A1548
[LOG] SystemI::createSoundInternal             : exinfo->initialseekpostype = 1
[LOG] SystemI::DSPCodecPoolRegister            : register codec pool for pool type 5
[LOG] SystemI::createSoundInternal             : Sample 0/1: name='bark-01', format=2, channels=1, frequency=48000, lengthbytes=9824, lengthpcm=58752, pcmblocksize=0, loopstart=0, loopend=0, mode=0x00000000, channelmask=0x00000000, channelorder=0, peakvolume=0.359558.
[LOG] SystemI::createSoundInternal             : Create name='', mode=0x02000202
[LOG] SystemI::createSoundInternal             : exinfo->cbsize             = 232
[LOG] SystemI::createSoundInternal             : exinfo->length             = 13374304
[LOG] SystemI::createSoundInternal             : exinfo->fileoffset         = 85824
[LOG] SystemI::createSoundInternal             : exinfo->numsubsounds       = 1
[LOG] SystemI::createSoundInternal             : exinfo->inclusionlist      = 000000007DC9F5FC
[LOG] SystemI::createSoundInternal             : exinfo->inclusionlistnum   = 1
[LOG] SystemI::createSoundInternal             : exinfo->suggestedsoundtype = 5
[LOG] SystemI::createSoundInternal             : exinfo->useropen           = 00007FFD3E910D70
[LOG] SystemI::createSoundInternal             : exinfo->userclose          = 00007FFD3E910D40
[LOG] SystemI::createSoundInternal             : exinfo->userread           = 00007FFD3E910E40
[LOG] SystemI::createSoundInternal             : exinfo->userseek           = 00007FFD3E910F00
[LOG] SystemI::createSoundInternal             : exinfo->fileuserdata       = 000000007B1A1548
[LOG] SystemI::createSoundInternal             : exinfo->initialseekpostype = 1
[LOG] SystemI::DSPCodecPoolRegister            : register codec pool for pool type 5
[LOG] SystemI::createSoundInternal             : Sample 0/1: name='bark-06', format=2, channels=1, frequency=48000, lengthbytes=12544, lengthpcm=77306, pcmblocksize=0, loopstart=0, loopend=0, mode=0x00000000, channelmask=0x00000000, channelorder=0, peakvolume=0.457672.
[LOG] SystemI::createSoundInternal             : Create name='', mode=0x02000202
[LOG] SystemI::createSoundInternal             : exinfo->cbsize             = 232
[LOG] SystemI::createSoundInternal             : exinfo->length             = 13374304
[LOG] SystemI::createSoundInternal             : exinfo->fileoffset         = 85824
[LOG] SystemI::createSoundInternal             : exinfo->numsubsounds       = 1
[LOG] SystemI::createSoundInternal             : exinfo->inclusionlist      = 000000007DC9F5FC
[LOG] SystemI::createSoundInternal             : exinfo->inclusionlistnum   = 1
[LOG] SystemI::createSoundInternal             : exinfo->suggestedsoundtype = 5
[LOG] SystemI::createSoundInternal             : exinfo->useropen           = 00007FFD3E910D70
[LOG] SystemI::createSoundInternal             : exinfo->userclose          = 00007FFD3E910D40
[LOG] SystemI::createSoundInternal             : exinfo->userread           = 00007FFD3E910E40
[LOG] SystemI::createSoundInternal             : exinfo->userseek           = 00007FFD3E910F00
[LOG] SystemI::createSoundInternal             : exinfo->fileuserdata       = 000000007B1A1548
[LOG] SystemI::createSoundInternal             : exinfo->initialseekpostype = 1
[LOG] SystemI::DSPCodecPoolRegister            : register codec pool for pool type 5
[LOG] SystemI::createSoundInternal             : Sample 0/1: name='bark-04', format=2, channels=1, frequency=48000, lengthbytes=15552, lengthpcm=97405, pcmblocksize=0, loopstart=0, loopend=0, mode=0x00000000, channelmask=0x00000000, channelorder=0, peakvolume=0.551788.
[LOG] SystemI::createSoundInternal             : Create name='', mode=0x02000202
[LOG] SystemI::createSoundInternal             : exinfo->cbsize             = 232
[LOG] SystemI::createSoundInternal             : exinfo->length             = 13374304
[LOG] SystemI::createSoundInternal             : exinfo->fileoffset         = 85824
[LOG] SystemI::createSoundInternal             : exinfo->numsubsounds       = 1
[LOG] SystemI::createSoundInternal             : exinfo->inclusionlist      = 000000007DC9F5FC
[LOG] SystemI::createSoundInternal             : exinfo->inclusionlistnum   = 1
[LOG] SystemI::createSoundInternal             : exinfo->suggestedsoundtype = 5
[LOG] SystemI::createSoundInternal             : exinfo->useropen           = 00007FFD3E910D70
[LOG] SystemI::createSoundInternal             : exinfo->userclose          = 00007FFD3E910D40
[LOG] SystemI::createSoundInternal             : exinfo->userread           = 00007FFD3E910E40
[LOG] SystemI::createSoundInternal             : exinfo->userseek           = 00007FFD3E910F00
[LOG] SystemI::createSoundInternal             : exinfo->fileuserdata       = 000000007B1A1548
[LOG] SystemI::createSoundInternal             : exinfo->initialseekpostype = 1
[LOG] SystemI::DSPCodecPoolRegister            : register codec pool for pool type 5
[LOG] SystemI::createSoundInternal             : Sample 0/1: name='bark-12', format=2, channels=1, frequency=48000, lengthbytes=15840, lengthpcm=95859, pcmblocksize=0, loopstart=0, loopend=0, mode=0x00000000, channelmask=0x00000000, channelorder=0, peakvolume=0.838867.
[LOG] SystemI::createSoundInternal             : Create name='', mode=0x02000202
[LOG] SystemI::createSoundInternal             : exinfo->cbsize             = 232
[LOG] SystemI::createSoundInternal             : exinfo->length             = 13374304
[LOG] SystemI::createSoundInternal             : exinfo->fileoffset         = 85824
[LOG] SystemI::createSoundInternal             : exinfo->numsubsounds       = 1
[LOG] SystemI::createSoundInternal             : exinfo->inclusionlist      = 000000007DC9F5FC
[LOG] SystemI::createSoundInternal             : exinfo->inclusionlistnum   = 1
[LOG] SystemI::createSoundInternal             : exinfo->suggestedsoundtype = 5
[LOG] SystemI::createSoundInternal             : exinfo->useropen           = 00007FFD3E910D70
[LOG] SystemI::createSoundInternal             : exinfo->userclose          = 00007FFD3E910D40
[LOG] SystemI::createSoundInternal             : exinfo->userread           = 00007FFD3E910E40
[LOG] SystemI::createSoundInternal             : exinfo->userseek           = 00007FFD3E910F00
[LOG] SystemI::createSoundInternal             : exinfo->fileuserdata       = 000000007B1A1548
[LOG] SystemI::createSoundInternal             : exinfo->initialseekpostype = 1
[LOG] SystemI::DSPCodecPoolRegister            : register codec pool for pool type 5
[LOG] SystemI::createSoundInternal             : Sample 0/1: name='bark-09', format=2, channels=1, frequency=48000, lengthbytes=15712, lengthpcm=94313, pcmblocksize=0, loopstart=0, loopend=0, mode=0x00000000, channelmask=0x00000000, channelorder=0, peakvolume=0.536255.
[LOG] SystemI::createSoundInternal             : Create name='', mode=0x02000202
[LOG] SystemI::createSoundInternal             : exinfo->cbsize             = 232
[LOG] SystemI::createSoundInternal             : exinfo->length             = 13374304
[LOG] SystemI::createSoundInternal             : exinfo->fileoffset         = 85824
[LOG] SystemI::createSoundInternal             : exinfo->numsubsounds       = 1
[LOG] SystemI::createSoundInternal             : exinfo->inclusionlist      = 000000007DC9F5FC
[LOG] SystemI::createSoundInternal             : exinfo->inclusionlistnum   = 1
[LOG] SystemI::createSoundInternal             : exinfo->suggestedsoundtype = 5
[LOG] SystemI::createSoundInternal             : exinfo->useropen           = 00007FFD3E910D70
[LOG] SystemI::createSoundInternal             : exinfo->userclose          = 00007FFD3E910D40
[LOG] SystemI::createSoundInternal             : exinfo->userread           = 00007FFD3E910E40
[LOG] SystemI::createSoundInternal             : exinfo->userseek           = 00007FFD3E910F00
[LOG] SystemI::createSoundInternal             : exinfo->fileuserdata       = 000000007B1A1548
[LOG] SystemI::createSoundInternal             : exinfo->initialseekpostype = 1
[LOG] SystemI::DSPCodecPoolRegister            : register codec pool for pool type 5
[LOG] SystemI::createSoundInternal             : Sample 0/1: name='bark-17', format=2, channels=1, frequency=48000, lengthbytes=2464, lengthpcm=13438, pcmblocksize=0, loopstart=0, loopend=0, mode=0x00000000, channelmask=0x00000000, channelorder=0, peakvolume=0.924927.
[LOG] SystemI::createSoundInternal             : Create name='', mode=0x02000202
[LOG] SystemI::createSoundInternal             : exinfo->cbsize             = 232
[LOG] SystemI::createSoundInternal             : exinfo->length             = 13374304
[LOG] SystemI::createSoundInternal             : exinfo->fileoffset         = 85824
[LOG] SystemI::createSoundInternal             : exinfo->numsubsounds       = 1
[LOG] SystemI::createSoundInternal             : exinfo->inclusionlist      = 000000007DC9F5FC
[LOG] SystemI::createSoundInternal             : exinfo->inclusionlistnum   = 1
[LOG] SystemI::createSoundInternal             : exinfo->suggestedsoundtype = 5
[LOG] SystemI::createSoundInternal             : exinfo->useropen           = 00007FFD3E910D70
[LOG] SystemI::createSoundInternal             : exinfo->userclose          = 00007FFD3E910D40
[LOG] SystemI::createSoundInternal             : exinfo->userread           = 00007FFD3E910E40
[LOG] SystemI::createSoundInternal             : exinfo->userseek           = 00007FFD3E910F00
[LOG] SystemI::createSoundInternal             : exinfo->fileuserdata       = 000000007B1A1548
[LOG] SystemI::createSoundInternal             : exinfo->initialseekpostype = 1
[LOG] SystemI::DSPCodecPoolRegister            : register codec pool for pool type 5
[LOG] SystemI::createSoundInternal             : Sample 0/1: name='bark-02', format=2, channels=1, frequency=48000, lengthbytes=16192, lengthpcm=97405, pcmblocksize=0, loopstart=0, loopend=0, mode=0x00000000, channelmask=0x00000000, channelorder=0, peakvolume=0.755188.
[LOG] SystemI::createSoundInternal             : Create name='', mode=0x02000202
[LOG] SystemI::createSoundInternal             : exinfo->cbsize             = 232
[LOG] SystemI::createSoundInternal             : exinfo->length             = 13374304
[LOG] SystemI::createSoundInternal             : exinfo->fileoffset         = 85824
[LOG] SystemI::createSoundInternal             : exinfo->numsubsounds       = 1
[LOG] SystemI::createSoundInternal             : exinfo->inclusionlist      = 000000007DC9F5FC
[LOG] SystemI::createSoundInternal             : exinfo->inclusionlistnum   = 1
[LOG] SystemI::createSoundInternal             : exinfo->suggestedsoundtype = 5
[LOG] SystemI::createSoundInternal             : exinfo->useropen           = 00007FFD3E910D70
[LOG] SystemI::createSoundInternal             : exinfo->userclose          = 00007FFD3E910D40
[LOG] SystemI::createSoundInternal             : exinfo->userread           = 00007FFD3E910E40
[LOG] SystemI::createSoundInternal             : exinfo->userseek           = 00007FFD3E910F00
[LOG] SystemI::createSoundInternal             : exinfo->fileuserdata       = 000000007B1A1548
[LOG] SystemI::createSoundInternal             : exinfo->initialseekpostype = 1
[LOG] SystemI::DSPCodecPoolRegister            : register codec pool for pool type 5
[LOG] SystemI::createSoundInternal             : Sample 0/1: name='bark-08', format=2, channels=1, frequency=48000, lengthbytes=18880, lengthpcm=117505, pcmblocksize=0, loopstart=0, loopend=0, mode=0x00000000, channelmask=0x00000000, channelorder=0, peakvolume=0.749786.
[LOG] SystemI::createSoundInternal             : Create name='', mode=0x02000202
[LOG] SystemI::createSoundInternal             : exinfo->cbsize             = 232
[LOG] SystemI::createSoundInternal             : exinfo->length             = 13374304
[LOG] SystemI::createSoundInternal             : exinfo->fileoffset         = 85824
[LOG] SystemI::createSoundInternal             : exinfo->numsubsounds       = 1
[LOG] SystemI::createSoundInternal             : exinfo->inclusionlist      = 000000007DC9F5FC
[LOG] SystemI::createSoundInternal             : exinfo->inclusionlistnum   = 1
[LOG] SystemI::createSoundInternal             : exinfo->suggestedsoundtype = 5
[LOG] SystemI::createSoundInternal             : exinfo->useropen           = 00007FFD3E910D70
[LOG] SystemI::createSoundInternal             : exinfo->userclose          = 00007FFD3E910D40
[LOG] SystemI::createSoundInternal             : exinfo->userread           = 00007FFD3E910E40
[LOG] SystemI::createSoundInternal             : exinfo->userseek           = 00007FFD3E910F00
[LOG] SystemI::createSoundInternal             : exinfo->fileuserdata       = 000000007B1A1548
[LOG] SystemI::createSoundInternal             : exinfo->initialseekpostype = 1
[LOG] SystemI::DSPCodecPoolRegister            : register codec pool for pool type 5
[LOG] SystemI::createSoundInternal             : Sample 0/1: name='bark-07', format=2, channels=1, frequency=48000, lengthbytes=17088, lengthpcm=105136, pcmblocksize=0, loopstart=0, loopend=0, mode=0x00000000, channelmask=0x00000000, channelorder=0, peakvolume=0.504883.
[WRN] EventInstance::update                    : Event {891cd056-627d-464a-855e-1d37ea5a2a1a} waited 1190 milliseconds for sample data to load.  Preload sample data to avoid this delay.
[LOG] Manager::readBank                        : fileversion = 100, compatVersion = 99 (oldest = 44, newest = 103)
[LOG] Manager::readBank                        : fileversion = 100, compatVersion = 99 (oldest = 44, newest = 103)
[LOG] Manager::readBank                        : fileversion = 100, compatVersion = 99 (oldest = 44, newest = 103)
[LOG] Manager::readBank                        : fileversion = 100, compatVersion = 99 (oldest = 44, newest = 103)
[LOG] PlaybackSystem::acquireMasterBus         : Setting master channel group format to 6
[LOG] SoundI::release                          :  (0000000068CC8EE8)
[LOG] SoundI::release                          :     postit (000000006F222508)
[LOG] SoundI::release                          :  (000000001EFF0128)
[LOG] SoundI::release                          :     bark-04 (000000006FB2D578)
[LOG] SoundI::release                          :  (000000001EFEFFB8)
[LOG] SoundI::release                          :     bark-06 (000000006FB2E278)
[LOG] SoundI::release                          :  (0000000068CC81F8)
[LOG] SoundI::release                          :     bark-11 (000000006FB2D718)
[LOG] SoundI::release                          :  (0000000068CCA028)
[LOG] SoundI::release                          :     bark-03 (000000006FB2D3D8)
[LOG] SoundI::release                          :  (0000000068CC87B8)
[LOG] SoundI::release                          :     bark-15 (000000006FB2DD98)
[LOG] SoundI::release                          :  (0000000068CC8088)
[LOG] SoundI::release                          :     bark-16 (000000006FB2E0D8)
[LOG] SoundI::release                          :  (000000001EFF0578)
[LOG] SoundI::release                          :     bark-17 (000000006FB2E418)
[LOG] SoundI::release                          :  (0000000068CCA478)
[LOG] SoundI::release                          :     bark-01 (000000006FB2E8F8)
[LOG] SoundI::release                          :  (000000001EFEF5A8)
[LOG] SoundI::release                          :     bark-09 (000000006FB2E758)
[LOG] SoundI::release                          :  (000000001EFF0408)
[LOG] SoundI::release                          :     bark-12 (000000006FB2DA58)
[LOG] SoundI::release                          :  (000000001EFF06E8)
[LOG] SoundI::release                          :     bark-02 (000000006FB2DBF8)
[LOG] SoundI::release                          :  (000000001EFEEB98)
[LOG] SoundI::release                          :     bark-07 (000000006FB2EA98)
[LOG] SoundI::release                          :  (000000001EFEEA28)
[LOG] SoundI::release                          :     bark-08 (000000006FB2E5B8)
[LOG] SoundI::release                          :  (0000000068CC84D8)
[LOG] SoundI::release                          :     bark-10 (000000006FB2DF38)
[LOG] SoundI::release                          :  (0000000068CC7398)
[LOG] SoundI::release                          :     type-02 (000000006F223548)
[LOG] SoundI::release                          :  (0000000068CC7958)
[LOG] SoundI::release                          :     type-03 (000000006F223A28)
[LOG] SoundI::release                          :  (0000000068CC7AC8)
[LOG] SoundI::release                          :     type-01 (000000006F2221C8)
[LOG] SoundI::release                          :  (0000000068CC9058)
[LOG] SoundI::release                          :     typeSpace (000000006F223BC8)
[LOG] SoundI::release                          :  (0000000068CC9EB8)
[LOG] SoundI::release                          :     ding (000000006F222B88)
[LOG] SoundI::release                          :  (0000000068CC7F18)
[LOG] SoundI::release                          :     bigbark-01 (000000006F222368)
[LOG] SoundI::release                          :  (0000000068CC9BD8)
[LOG] SoundI::release                          :     bigbark-02 (000000006F221E88)
[LOG] SoundI::release                          :  (0000000068CC7DA8)
[LOG] SoundI::release                          :     bigbark-03 (000000006F223068)
[LOG] SoundI::release                          :  (0000000068CC7508)
[LOG] SoundI::release                          :     bigbark-04 (000000006F2233A8)
[LOG] SoundI::release                          :  (0000000068CC9A68)
[LOG] SoundI::release                          :     bigbark-06 (000000006F223888)
[LOG] Thread::callback                         : FMOD Studio update thread finished.
[LOG] Thread::callback                         : FMOD Studio bank load thread finished.
[LOG] Profile::disconnectAll                   : Profiler disconnecting all clients
[LOG] Thread::callback                         : FMOD Studio sample load thread finished.
[LOG] LiveUpdate::release                      : 
[LOG] LiveUpdate::reset                        : Reset connection (reason Disconnected)
[LOG] Thread::callback                         : FMOD stream thread finished.
[LOG] Thread::callback                         : FMOD mixer thread finished.
[LOG] Profile::disconnectAll                   : Profiler disconnecting all clients
[LOG] SystemI::close                           : Closed.
[LOG] Thread::callback                         : FMOD Studio bank load thread finished.
[LOG] Thread::callback                         : FMOD Studio sample load thread finished.
[LOG] LiveUpdate::release                      : 
[LOG] LiveUpdate::reset                        : Reset connection (reason Disconnected)
[LOG] Thread::callback                         : FMOD stream thread finished.
[LOG] Thread::callback                         : FMOD mixer thread finished.
[LOG] SystemI::close                           : Closed.
